[debug] [2025-03-27T04:39:48.460Z] ----------------------------------------------------------------------
[debug] [2025-03-27T04:39:48.462Z] Command:       C:\Program Files\nodejs\node.exe C:\Users\LENOVO\AppData\Roaming\npm\node_modules\firebase-tools\lib\bin\firebase.js init
[debug] [2025-03-27T04:39:48.462Z] CLI Version:   13.35.1
[debug] [2025-03-27T04:39:48.462Z] Platform:      win32
[debug] [2025-03-27T04:39:48.462Z] Node Version:  v22.14.0
[debug] [2025-03-27T04:39:48.463Z] Time:          Thu Mar 27 2025 10:09:48 GMT+0530 (India Standard Time)
[debug] [2025-03-27T04:39:48.463Z] ----------------------------------------------------------------------
[debug] 
[debug] [2025-03-27T04:39:48.468Z] > command requires scopes: ["email","openid","https://www.googleapis.com/auth/cloudplatformprojects.readonly","https://www.googleapis.com/auth/firebase","https://www.googleapis.com/auth/cloud-platform"]
[debug] [2025-03-27T04:39:48.468Z] > authorizing via signed-in user (alvinpaul232@gmail.com)
[info] 
     ######## #### ########  ######## ########     ###     ######  ########
     ##        ##  ##     ## ##       ##     ##  ##   ##  ##       ##
     ######    ##  ########  ######   ########  #########  ######  ######
     ##        ##  ##    ##  ##       ##     ## ##     ##       ## ##
     ##       #### ##     ## ######## ########  ##     ##  ######  ########

You're about to initialize a Firebase project in this directory:

  C:\Users\LENOVO\Desktop\bill snap

[info] 
=== Project Setup
[info] 
[info] First, let's associate this project directory with a Firebase project.
[info] You can create multiple project aliases by running firebase use --add, 
[info] but for now we'll just set up a default project.
[info] 
[debug] [2025-03-27T04:40:00.942Z] Checked if tokens are valid: true, expires at: 1743053536907
[debug] [2025-03-27T04:40:00.942Z] Checked if tokens are valid: true, expires at: 1743053536907
[debug] [2025-03-27T04:40:00.943Z] >>> [apiv2][query] GET https://firebase.googleapis.com/v1beta1/projects pageSize=100
[debug] [2025-03-27T04:40:01.897Z] <<< [apiv2][status] GET https://firebase.googleapis.com/v1beta1/projects 200
[debug] [2025-03-27T04:40:01.897Z] <<< [apiv2][body] GET https://firebase.googleapis.com/v1beta1/projects [omitted]
[info] i  Using project snapbill25 (snapbill25) 
[info] 
=== Firestore Setup
[debug] [2025-03-27T04:40:02.825Z] Checked if tokens are valid: true, expires at: 1743053536907
[debug] [2025-03-27T04:40:02.825Z] Checked if tokens are valid: true, expires at: 1743053536907
[debug] [2025-03-27T04:40:02.825Z] >>> [apiv2][query] GET https://serviceusage.googleapis.com/v1/projects/snapbill25/services/firestore.googleapis.com [none]
[debug] [2025-03-27T04:40:02.825Z] >>> [apiv2][(partial)header] GET https://serviceusage.googleapis.com/v1/projects/snapbill25/services/firestore.googleapis.com x-goog-quota-user=projects/snapbill25
[debug] [2025-03-27T04:40:04.521Z] <<< [apiv2][status] GET https://serviceusage.googleapis.com/v1/projects/snapbill25/services/firestore.googleapis.com 200
[debug] [2025-03-27T04:40:04.521Z] <<< [apiv2][body] GET https://serviceusage.googleapis.com/v1/projects/snapbill25/services/firestore.googleapis.com [omitted]
[debug] [2025-03-27T04:40:04.522Z] Checked if tokens are valid: true, expires at: 1743053536907
[debug] [2025-03-27T04:40:04.522Z] Checked if tokens are valid: true, expires at: 1743053536907
[debug] [2025-03-27T04:40:04.522Z] >>> [apiv2][query] GET https://firestore.googleapis.com/v1/projects/snapbill25/databases/(default) [none]
[debug] [2025-03-27T04:40:05.307Z] <<< [apiv2][status] GET https://firestore.googleapis.com/v1/projects/snapbill25/databases/(default) 200
[debug] [2025-03-27T04:40:05.307Z] <<< [apiv2][body] GET https://firestore.googleapis.com/v1/projects/snapbill25/databases/(default) {"name":"projects/snapbill25/databases/(default)","uid":"817c4839-8314-4b34-b215-778cbb1a6f38","createTime":"2025-03-27T04:39:18.958976Z","updateTime":"2025-03-27T04:39:18.958976Z","locationId":"asia-south1","type":"FIRESTORE_NATIVE","concurrencyMode":"PESSIMISTIC","versionRetentionPeriod":"3600s","earliestVersionTime":"2025-03-27T04:39:18.958976Z","appEngineIntegrationMode":"DISABLED","keyPrefix":"j","pointInTimeRecoveryEnablement":"POINT_IN_TIME_RECOVERY_DISABLED","deleteProtectionState":"DELETE_PROTECTION_DISABLED","databaseEdition":"STANDARD","freeTier":true,"etag":"IO2N9OG4qYwDMIDX4su4qYwD"}
[debug] [2025-03-27T04:40:05.308Z] database_type: FIRESTORE_NATIVE
[debug] [2025-03-27T04:40:05.308Z] database_type: FIRESTORE_NATIVE
[debug] [2025-03-27T04:40:05.308Z] > command requires scopes: ["email","openid","https://www.googleapis.com/auth/cloudplatformprojects.readonly","https://www.googleapis.com/auth/firebase","https://www.googleapis.com/auth/cloud-platform"]
[debug] [2025-03-27T04:40:05.308Z] > authorizing via signed-in user (alvinpaul232@gmail.com)
[debug] [2025-03-27T04:40:05.308Z] [iam] checking project snapbill25 for permissions ["firebase.projects.get"]
[debug] [2025-03-27T04:40:05.308Z] Checked if tokens are valid: true, expires at: 1743053536907
[debug] [2025-03-27T04:40:05.308Z] Checked if tokens are valid: true, expires at: 1743053536907
[debug] [2025-03-27T04:40:05.308Z] >>> [apiv2][query] POST https://cloudresourcemanager.googleapis.com/v1/projects/snapbill25:testIamPermissions [none]
[debug] [2025-03-27T04:40:05.308Z] >>> [apiv2][(partial)header] POST https://cloudresourcemanager.googleapis.com/v1/projects/snapbill25:testIamPermissions x-goog-quota-user=projects/snapbill25
[debug] [2025-03-27T04:40:05.308Z] >>> [apiv2][body] POST https://cloudresourcemanager.googleapis.com/v1/projects/snapbill25:testIamPermissions {"permissions":["firebase.projects.get"]}
[debug] [2025-03-27T04:40:06.651Z] <<< [apiv2][status] POST https://cloudresourcemanager.googleapis.com/v1/projects/snapbill25:testIamPermissions 200
[debug] [2025-03-27T04:40:06.651Z] <<< [apiv2][body] POST https://cloudresourcemanager.googleapis.com/v1/projects/snapbill25:testIamPermissions {"permissions":["firebase.projects.get"]}
[info] 
[info] Firestore Security Rules allow you to define how and when to allow
[info] requests. You can keep these rules in your project directory
[info] and publish them with firebase deploy.
[info] 
[debug] [2025-03-27T04:40:19.580Z] Checked if tokens are valid: true, expires at: 1743053536907
[debug] [2025-03-27T04:40:19.580Z] Checked if tokens are valid: true, expires at: 1743053536907
[debug] [2025-03-27T04:40:19.580Z] >>> [apiv2][query] GET https://firebaserules.googleapis.com/v1/projects/snapbill25/releases pageSize=10&pageToken=
[debug] [2025-03-27T04:40:21.039Z] <<< [apiv2][status] GET https://firebaserules.googleapis.com/v1/projects/snapbill25/releases 200
[debug] [2025-03-27T04:40:21.039Z] <<< [apiv2][body] GET https://firebaserules.googleapis.com/v1/projects/snapbill25/releases {"releases":[{"name":"projects/snapbill25/releases/cloud.firestore","rulesetName":"projects/snapbill25/rulesets/4b423122-0e08-4360-b5ab-b2c0aa021be3","createTime":"2025-03-27T04:39:27.027662Z","updateTime":"2025-03-27T04:39:27.027662Z"}]}
[debug] [2025-03-27T04:40:21.040Z] Found ruleset: projects/snapbill25/rulesets/4b423122-0e08-4360-b5ab-b2c0aa021be3
[debug] [2025-03-27T04:40:21.040Z] Checked if tokens are valid: true, expires at: 1743053536907
[debug] [2025-03-27T04:40:21.040Z] Checked if tokens are valid: true, expires at: 1743053536907
[debug] [2025-03-27T04:40:21.040Z] >>> [apiv2][query] GET https://firebaserules.googleapis.com/v1/projects/snapbill25/rulesets/4b423122-0e08-4360-b5ab-b2c0aa021be3 [none]
[debug] [2025-03-27T04:40:22.269Z] <<< [apiv2][status] GET https://firebaserules.googleapis.com/v1/projects/snapbill25/rulesets/4b423122-0e08-4360-b5ab-b2c0aa021be3 200
[debug] [2025-03-27T04:40:22.270Z] <<< [apiv2][body] GET https://firebaserules.googleapis.com/v1/projects/snapbill25/rulesets/4b423122-0e08-4360-b5ab-b2c0aa021be3 [omitted]
[info] 
[info] Firestore indexes allow you to perform complex queries while
[info] maintaining performance that scales with the size of the result
[info] set. You can keep index definitions in your project directory
[info] and publish them with firebase deploy.
[info] 
[debug] [2025-03-27T04:40:26.961Z] Checked if tokens are valid: true, expires at: 1743053536907
[debug] [2025-03-27T04:40:26.961Z] Checked if tokens are valid: true, expires at: 1743053536907
[debug] [2025-03-27T04:40:26.962Z] Checked if tokens are valid: true, expires at: 1743053536907
[debug] [2025-03-27T04:40:26.962Z] Checked if tokens are valid: true, expires at: 1743053536907
[debug] [2025-03-27T04:40:26.962Z] >>> [apiv2][query] GET https://firestore.googleapis.com/v1/projects/snapbill25/databases/(default)/collectionGroups/-/indexes [none]
[debug] [2025-03-27T04:40:26.963Z] >>> [apiv2][query] GET https://firestore.googleapis.com/v1/projects/snapbill25/databases/(default)/collectionGroups/-/fields?filter=indexConfig.usesAncestorConfig=false OR ttlConfig:* [none]
[debug] [2025-03-27T04:40:27.516Z] <<< [apiv2][status] GET https://firestore.googleapis.com/v1/projects/snapbill25/databases/(default)/collectionGroups/-/indexes 200
[debug] [2025-03-27T04:40:27.516Z] <<< [apiv2][body] GET https://firestore.googleapis.com/v1/projects/snapbill25/databases/(default)/collectionGroups/-/indexes {}
[debug] [2025-03-27T04:40:27.676Z] <<< [apiv2][status] GET https://firestore.googleapis.com/v1/projects/snapbill25/databases/(default)/collectionGroups/-/fields?filter=indexConfig.usesAncestorConfig=false OR ttlConfig:* 200
[debug] [2025-03-27T04:40:27.676Z] <<< [apiv2][body] GET https://firestore.googleapis.com/v1/projects/snapbill25/databases/(default)/collectionGroups/-/fields?filter=indexConfig.usesAncestorConfig=false OR ttlConfig:* {"fields":[{"name":"projects/snapbill25/databases/(default)/collectionGroups/__default__/fields/*","indexConfig":{"indexes":[{"queryScope":"COLLECTION","fields":[{"fieldPath":"*","order":"ASCENDING"}],"state":"READY"},{"queryScope":"COLLECTION","fields":[{"fieldPath":"*","order":"DESCENDING"}],"state":"READY"},{"queryScope":"COLLECTION","fields":[{"fieldPath":"*","arrayConfig":"CONTAINS"}],"state":"READY"}]}}]}
[info] 
=== Hosting Setup
[debug] [2025-03-27T04:40:27.678Z] Checked if tokens are valid: true, expires at: 1743053536907
[debug] [2025-03-27T04:40:27.678Z] Checked if tokens are valid: true, expires at: 1743053536907
[debug] [2025-03-27T04:40:27.678Z] >>> [apiv2][query] GET https://firebase.googleapis.com/v1beta1/projects/snapbill25 [none]
[debug] [2025-03-27T04:40:28.090Z] <<< [apiv2][status] GET https://firebase.googleapis.com/v1beta1/projects/snapbill25 200
[debug] [2025-03-27T04:40:28.090Z] <<< [apiv2][body] GET https://firebase.googleapis.com/v1beta1/projects/snapbill25 {"projectId":"snapbill25","projectNumber":"581866725180","displayName":"snapbill25","name":"projects/snapbill25","resources":{"hostingSite":"snapbill25"},"state":"ACTIVE","etag":"1_1c647674-f8de-49b0-b140-56d87f367a0f"}
[info] 
[info] Your public directory is the folder (relative to your project directory) that
[info] will contain Hosting assets to be uploaded with firebase deploy. If you
[info] have a build process for your assets, use your build's output directory.
[info] 
[debug] [2025-03-27T04:41:21.352Z] >>> [apiv2][query] GET https://www.gstatic.com/firebasejs/releases.json [none]
[debug] [2025-03-27T04:41:21.504Z] <<< [apiv2][status] GET https://www.gstatic.com/firebasejs/releases.json 200
[debug] [2025-03-27T04:41:21.504Z] <<< [apiv2][body] GET https://www.gstatic.com/firebasejs/releases.json {"current":{"version":"11.5.0","browserURL":"https://www.gstatic.com/firebasejs/11.5.0/firebase.js","packageURL":"https://www.gstatic.com/firebasejs/11.5.0/firebase.tgz"},"live":{"version":"11.5","browserURL":"https://www.gstatic.com/firebasejs/live/11.5/firebase.js","packageURL":"https://www.gstatic.com/firebasejs/live/11.5/firebase.tgz"},"components":{"analytics":"https://www.gstatic.com/firebasejs/11.5.0/firebase-analytics.js","app":"https://www.gstatic.com/firebasejs/11.5.0/firebase-app.js","app-check":"https://www.gstatic.com/firebasejs/11.5.0/firebase-app-check.js","auth":"https://www.gstatic.com/firebasejs/11.5.0/firebase-auth.js","auth/cordova":"https://www.gstatic.com/firebasejs/11.5.0/firebase-auth/cordova.js","auth/web-extension":"https://www.gstatic.com/firebasejs/11.5.0/firebase-auth/web-extension.js","functions":"https://www.gstatic.com/firebasejs/11.5.0/firebase-functions.js","firestore":"https://www.gstatic.com/firebasejs/11.5.0/firebase-firestore.js","firestore/lite":"https://www.gstatic.com/firebasejs/11.5.0/firebase-firestore/lite.js","installations":"https://www.gstatic.com/firebasejs/11.5.0/firebase-installations.js","storage":"https://www.gstatic.com/firebasejs/11.5.0/firebase-storage.js","performance":"https://www.gstatic.com/firebasejs/11.5.0/firebase-performance.js","remote-config":"https://www.gstatic.com/firebasejs/11.5.0/firebase-remote-config.js","messaging":"https://www.gstatic.com/firebasejs/11.5.0/firebase-messaging.js","messaging/sw":"https://www.gstatic.com/firebasejs/11.5.0/firebase-messaging/sw.js","database":"https://www.gstatic.com/firebasejs/11.5.0/firebase-database.js","vertexai":"https://www.gstatic.com/firebasejs/11.5.0/firebase-vertexai.js","data-connect":"https://www.gstatic.com/firebasejs/11.5.0/firebase-data-connect.js","firestore.memory":"https://www.gstatic.com/firebasejs/11.5.0/firebase-firestore.memory.js"}}
[info] +  Wrote public/index.html 
[info] 
[info] i  Didn't detect a .git folder. Assuming C:\Users\LENOVO\Desktop\bill snap is the project root. 
[info] i  Authorizing with GitHub to upload your service account to a GitHub repository's secrets store. 
[info] 
[info] Visit this URL on this device to log in:
[info] https://github.com/login/oauth/authorize?client_id=89cf50f02ac6aaed3484&state=378692478&redirect_uri=http%3A%2F%2Flocalhost%3A9005&scope=read%3Auser%20repo%20public_repo
[info] 
[info] Waiting for authentication...
[debug] [2025-03-27T04:42:11.100Z] >>> [apiv2][query] POST https://github.com/login/oauth/access_token [none]
[debug] [2025-03-27T04:42:11.100Z] >>> [apiv2][body] POST https://github.com/login/oauth/access_token [stream]
[debug] [2025-03-27T04:42:11.499Z] <<< [apiv2][status] POST https://github.com/login/oauth/access_token 200
[debug] [2025-03-27T04:42:11.499Z] <<< [apiv2][body] POST https://github.com/login/oauth/access_token {"access_token":"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","token_type":"bearer","scope":"read:user,repo"}
[debug] [2025-03-27T04:42:11.503Z] >>> [apiv2][query] GET https://api.github.com/user [none]
[debug] [2025-03-27T04:42:11.958Z] <<< [apiv2][status] GET https://api.github.com/user 200
[debug] [2025-03-27T04:42:11.958Z] <<< [apiv2][body] GET https://api.github.com/user {"login":"Alvinpaul12","id":152712259,"node_id":"U_kgDOCRo0Qw","avatar_url":"https://avatars.githubusercontent.com/u/152712259?v=4","gravatar_id":"","url":"https://api.github.com/users/Alvinpaul12","html_url":"https://github.com/Alvinpaul12","followers_url":"https://api.github.com/users/Alvinpaul12/followers","following_url":"https://api.github.com/users/Alvinpaul12/following{/other_user}","gists_url":"https://api.github.com/users/Alvinpaul12/gists{/gist_id}","starred_url":"https://api.github.com/users/Alvinpaul12/starred{/owner}{/repo}","subscriptions_url":"https://api.github.com/users/Alvinpaul12/subscriptions","organizations_url":"https://api.github.com/users/Alvinpaul12/orgs","repos_url":"https://api.github.com/users/Alvinpaul12/repos","events_url":"https://api.github.com/users/Alvinpaul12/events{/privacy}","received_events_url":"https://api.github.com/users/Alvinpaul12/received_events","type":"User","user_view_type":"private","site_admin":false,"name":null,"company":null,"blog":"","location":null,"email":null,"hireable":null,"bio":null,"twitter_username":null,"notification_email":null,"public_repos":1,"public_gists":0,"followers":0,"following":0,"created_at":"2023-12-02T15:00:01Z","updated_at":"2025-03-27T04:42:06Z","private_gists":0,"total_private_repos":0,"owned_private_repos":0,"disk_usage":16,"collaborators":0,"two_factor_authentication":true,"plan":{"name":"pro","space":976562499,"collaborators":0,"private_repos":9999}}
[info] 
[info] +  Success! Logged into GitHub as Alvinpaul12 
[info] 
[debug] [2025-03-27T04:42:26.442Z] >>> [apiv2][query] GET https://api.github.com/repos//actions/secrets/public-key type=owner
[debug] [2025-03-27T04:42:26.849Z] <<< [apiv2][status] GET https://api.github.com/repos//actions/secrets/public-key 404
[debug] [2025-03-27T04:42:26.849Z] <<< [apiv2][body] GET https://api.github.com/repos//actions/secrets/public-key {"message":"Not Found","documentation_url":"https://docs.github.com/rest","status":"404"}
[info] 
[info] 
[error] !  The provided authorization cannot be used with this repository. If this repository is in an organization, did you remember to grant access? 
[info] 
[info] i  Action required: Visit this URL to ensure access has been granted to the appropriate organization(s) for the Firebase CLI GitHub OAuth App: 
[info] https://github.com/settings/connections/applications/89cf50f02ac6aaed3484
[info] 
[debug] [2025-03-27T04:42:53.522Z] >>> [apiv2][query] GET https://api.github.com/repos//actions/secrets/public-key type=owner
[debug] [2025-03-27T04:42:53.949Z] <<< [apiv2][status] GET https://api.github.com/repos//actions/secrets/public-key 404
[debug] [2025-03-27T04:42:53.950Z] <<< [apiv2][body] GET https://api.github.com/repos//actions/secrets/public-key {"message":"Not Found","documentation_url":"https://docs.github.com/rest","status":"404"}
[info] 
[info] 
[error] !  The provided authorization cannot be used with this repository. If this repository is in an organization, did you remember to grant access? 
[info] 
[info] i  Action required: Visit this URL to ensure access has been granted to the appropriate organization(s) for the Firebase CLI GitHub OAuth App: 
[info] https://github.com/settings/connections/applications/89cf50f02ac6aaed3484
[info] 
